2023-10-26 15:51:16,903 - INFO - Script started.
2023-10-26 15:51:21,043 - INFO - Browsing for TSV files...
2023-10-26 15:51:23,870 - INFO - Selected file: /Users/johnoz/Documents/swag.tsv
2023-10-26 15:51:25,215 - INFO - Reading from file: /Users/johnoz/Documents/swag.tsv
2023-10-26 15:51:25,216 - INFO - Generating label for Serial: D94, Project: P1 NED, Phase: 1N12C, Config: M0GC7W9JVT
2023-10-26 15:51:25,245 - INFO - Sending P1 NED - D94.pdf to printer...
2023-10-26 15:51:25,298 - INFO - Generating label for Serial: D94, Project: P1 NED, Phase: 1N14C, Config: FKF955XP27
2023-10-26 15:51:25,304 - INFO - Sending P1 NED - D94.pdf to printer...
2023-10-26 15:51:25,329 - INFO - Generating label for Serial: D94, Project: P1 NED, Phase: 1N14C, Config: GF92CN4NT2
2023-10-26 15:51:25,335 - INFO - Sending P1 NED - D94.pdf to printer...
2023-10-26 15:51:25,356 - INFO - All labels generated successfully.
2023-10-26 15:53:38,359 - INFO - Browsing for TSV files...
2023-10-26 15:53:40,697 - INFO - Selected file: /Users/johnoz/Documents/swag.tsv
2023-10-26 15:53:41,952 - INFO - Reading from file: /Users/johnoz/Documents/swag.tsv
2023-10-26 15:53:41,953 - INFO - Generating label for Serial: D94, Project: P1 NED, Phase: 1N12C, Config: M0GC7W9JVT
2023-10-26 15:53:41,961 - INFO - Sending P1 NED - D94.pdf to printer...
2023-10-26 15:53:42,003 - INFO - Generating label for Serial: D94, Project: P1 NED, Phase: 1N14C, Config: FKF955XP27
2023-10-26 15:53:42,009 - INFO - Sending P1 NED - D94.pdf to printer...
2023-10-26 15:53:42,034 - INFO - Generating label for Serial: D94, Project: P1 NED, Phase: 1N14C, Config: GF92CN4NT2
2023-10-26 15:53:42,038 - INFO - Sending P1 NED - D94.pdf to printer...
2023-10-26 15:53:42,061 - INFO - All labels generated successfully.
2023-10-26 15:55:50,124 - INFO - Script started.
2023-10-26 15:55:53,858 - INFO - Script finished.
2023-10-26 15:55:58,029 - INFO - Script started.
2023-10-26 15:56:01,864 - INFO - Browsing for TSV files...
2023-10-26 15:56:04,842 - INFO - Selected file: /Users/johnoz/Documents/swag.tsv
2023-10-26 15:56:05,885 - INFO - Reading from file: /Users/johnoz/Documents/swag.tsv
2023-10-26 15:56:05,885 - INFO - Generating label for Serial: D94, Project: P1 NED, Phase: 1N12C, Config: M0GC7W9JVT
2023-10-26 15:56:05,900 - INFO - Sending P1 NED - D94.pdf to printer...
2023-10-26 15:56:05,932 - INFO - Generating label for Serial: D94, Project: P1 NED, Phase: 1N14C, Config: FKF955XP27
2023-10-26 15:56:05,937 - INFO - Sending P1 NED - D94.pdf to printer...
2023-10-26 15:56:05,963 - INFO - Generating label for Serial: D94, Project: P1 NED, Phase: 1N14C, Config: GF92CN4NT2
2023-10-26 15:56:05,967 - INFO - Sending P1 NED - D94.pdf to printer...
2023-10-26 15:56:05,989 - INFO - All labels generated successfully.
2023-10-26 15:58:08,416 - INFO - Script started.
2023-10-26 15:58:13,124 - INFO - Browsing for TSV files...
2023-10-26 15:58:16,602 - INFO - Selected file: /Users/johnoz/Documents/swag.tsv
2023-10-26 15:58:17,874 - INFO - Reading from file: /Users/johnoz/Documents/swag.tsv
2023-10-26 15:58:17,876 - INFO - Generating label for Serial: D94, Project: P1 NED, Phase: 1N12C, Config: M0GC7W9JVT
2023-10-26 15:58:17,917 - INFO - Sending None to printer...
2023-10-26 15:58:17,917 - ERROR - An error occurred: expected str, bytes or os.PathLike object, not NoneType
2023-10-26 15:58:22,188 - INFO - Browsing for TSV files...
2023-10-26 15:58:25,044 - INFO - Selected file: /Users/johnoz/Documents/swag.tsv
2023-10-26 15:58:26,407 - INFO - Reading from file: /Users/johnoz/Documents/swag.tsv
2023-10-26 15:58:26,407 - INFO - Generating label for Serial: D94, Project: P1 NED, Phase: 1N12C, Config: M0GC7W9JVT
2023-10-26 15:58:26,414 - INFO - Sending None to printer...
2023-10-26 15:58:26,415 - ERROR - An error occurred: expected str, bytes or os.PathLike object, not NoneType
2023-10-26 15:59:54,556 - INFO - Script started.
2023-10-26 15:59:58,706 - INFO - Browsing for TSV files...
2023-10-26 16:00:01,255 - INFO - Selected file: /Users/johnoz/Documents/swag.tsv
2023-10-26 16:00:02,342 - INFO - Reading from file: /Users/johnoz/Documents/swag.tsv
2023-10-26 16:00:02,344 - INFO - Generating label for Serial: D94, Project: P1 NED, Phase: 1N12C, Config: M0GC7W9JVT
2023-10-26 16:00:02,357 - INFO - Sending P1 NED - D94.pdf to printer...
2023-10-26 16:00:02,402 - INFO - Generating label for Serial: D94, Project: P1 NED, Phase: 1N14C, Config: FKF955XP27
2023-10-26 16:00:02,406 - INFO - Sending P1 NED - D94.pdf to printer...
2023-10-26 16:00:02,432 - INFO - Generating label for Serial: D94, Project: P1 NED, Phase: 1N14C, Config: GF92CN4NT2
2023-10-26 16:00:02,437 - INFO - Sending P1 NED - D94.pdf to printer...
2023-10-26 16:00:02,462 - INFO - All labels generated successfully.
2023-10-26 16:06:32,824 - INFO - Browsing for TSV files...
2023-10-26 16:06:35,562 - INFO - Selected file: /Users/johnoz/Documents/swag.tsv
2023-10-26 16:06:36,755 - INFO - Reading from file: /Users/johnoz/Documents/swag.tsv
2023-10-26 16:06:36,755 - INFO - Generating label for Serial: D94, Project: P1 NED, Phase: 1N12C, Config: M0GC7W9JVT
2023-10-26 16:06:36,765 - INFO - Sending P1 NED - D94.pdf to printer...
2023-10-26 16:06:36,814 - INFO - Generating label for Serial: D94, Project: P1 NED, Phase: 1N14C, Config: FKF955XP27
2023-10-26 16:06:36,820 - INFO - Sending P1 NED - D94.pdf to printer...
2023-10-26 16:06:36,843 - INFO - Generating label for Serial: D94, Project: P1 NED, Phase: 1N14C, Config: GF92CN4NT2
2023-10-26 16:06:36,848 - INFO - Sending P1 NED - D94.pdf to printer...
2023-10-26 16:06:36,869 - INFO - All labels generated successfully.
2023-10-26 16:08:07,082 - INFO - Browsing for TSV files...
2023-10-26 16:08:09,612 - INFO - Selected file: /Users/johnoz/Documents/swag.tsv
2023-10-26 16:08:10,974 - INFO - Reading from file: /Users/johnoz/Documents/swag.tsv
2023-10-26 16:08:10,975 - INFO - Generating label for Serial: D94, Project: P1 NED, Phase: 1N12C, Config: M0GC7W9JVT
2023-10-26 16:08:10,988 - INFO - Sending P1 NED - D94.pdf to printer...
2023-10-26 16:08:11,031 - INFO - Generating label for Serial: D94, Project: P1 NED, Phase: 1N14C, Config: FKF955XP27
2023-10-26 16:08:11,037 - INFO - Sending P1 NED - D94.pdf to printer...
2023-10-26 16:08:11,060 - INFO - Generating label for Serial: D94, Project: P1 NED, Phase: 1N14C, Config: GF92CN4NT2
2023-10-26 16:08:11,065 - INFO - Sending P1 NED - D94.pdf to printer...
2023-10-26 16:08:11,088 - INFO - All labels generated successfully.
2023-10-26 16:14:11,170 - INFO - Script started.
2023-10-26 16:14:14,138 - INFO - Browsing for TSV files...
2023-10-26 16:14:17,680 - INFO - Selected file: /Users/johnoz/Documents/swag.tsv
2023-10-26 16:14:18,924 - INFO - Reading from file: /Users/johnoz/Documents/swag.tsv
2023-10-26 16:14:18,925 - INFO - Generating label for Serial: D94, Project: P1 NED, Phase: 1N12C, Config: M0GC7W9JVT
2023-10-26 16:14:18,936 - ERROR - An error occurred: make_label() missing 1 required positional argument: 'label_format'
2023-10-26 16:16:15,244 - INFO - Script started.
2023-10-26 16:16:20,892 - INFO - Browsing for TSV files...
2023-10-26 16:16:23,324 - INFO - Selected file: /Users/johnoz/Documents/swag.tsv
2023-10-26 16:16:24,531 - INFO - Reading from file: /Users/johnoz/Documents/swag.tsv
2023-10-26 16:16:24,531 - INFO - Generating label for Serial: D94, Project: P1 NED, Phase: 1N12C, Config: M0GC7W9JVT
2023-10-26 16:16:24,543 - INFO - Sending P1 NED - D94.pdf to printer...
2023-10-26 16:16:24,581 - INFO - Generating label for Serial: D94, Project: P1 NED, Phase: 1N14C, Config: FKF955XP27
2023-10-26 16:16:24,587 - INFO - Sending P1 NED - D94.pdf to printer...
2023-10-26 16:16:24,613 - INFO - Generating label for Serial: D94, Project: P1 NED, Phase: 1N14C, Config: GF92CN4NT2
2023-10-26 16:16:24,617 - INFO - Sending P1 NED - D94.pdf to printer...
2023-10-26 16:16:24,641 - INFO - All labels generated successfully.
2023-10-26 16:20:07,220 - INFO - Browsing for TSV files...
2023-10-26 16:20:09,832 - INFO - Selected file: /Users/johnoz/Documents/swag.tsv
2023-10-26 16:20:11,036 - INFO - Reading from file: /Users/johnoz/Documents/swag.tsv
2023-10-26 16:20:11,036 - INFO - Generating label for Serial: D94, Project: P1 NED, Phase: 1N12C, Config: M0GC7W9JVT
2023-10-26 16:20:11,041 - INFO - Sending P1 NED - D94.pdf to printer...
2023-10-26 16:20:11,081 - INFO - Generating label for Serial: D94, Project: P1 NED, Phase: 1N14C, Config: FKF955XP27
2023-10-26 16:20:11,086 - INFO - Sending P1 NED - D94.pdf to printer...
2023-10-26 16:20:11,114 - INFO - Generating label for Serial: D94, Project: P1 NED, Phase: 1N14C, Config: GF92CN4NT2
2023-10-26 16:20:11,119 - INFO - Sending P1 NED - D94.pdf to printer...
2023-10-26 16:20:11,143 - INFO - All labels generated successfully.
2023-11-02 14:58:55,766 - INFO - Script started.
2023-11-02 14:58:55,767 - INFO - Generating label for Serial: J718, Project: Proto2 - System, Phase: P2WFG2AD-M6, Config: XTLDHHKW63
2023-11-02 14:58:55,791 - INFO - Sending Proto2 - System - J718.pdf to printer...
2023-11-02 14:58:55,818 - INFO - Generating label for Serial: J537, Project: System - EVT, Phase: E7EUU-R6A2Z, Config: PY19NPWF49
2023-11-02 14:58:55,823 - INFO - Sending System - EVT - J537.pdf to printer...
2023-11-02 14:58:55,842 - INFO - Generating label for Serial: J537, Project: System - EVT, Phase: E7EUU-R6A1Z, Config: L3YWH2VH9W
2023-11-02 14:58:55,846 - INFO - Sending System - EVT - J537.pdf to printer...
2023-11-02 14:58:55,864 - INFO - Script finished.
2023-11-02 14:59:27,916 - INFO - Script started.
2023-11-02 14:59:30,871 - INFO - Browsing for TSV files...
2023-11-02 14:59:33,339 - INFO - Selected file: /Users/johnoz/Documents/JX_11_02.tsv
2023-11-02 14:59:34,532 - INFO - Reading from file: /Users/johnoz/Documents/JX_11_02.tsv
2023-11-02 14:59:34,532 - INFO - Generating label for Serial: J718, Project: Proto2 - System, Phase: P2WFG2AD-M6, Config: XTLDHHKW63
2023-11-02 14:59:34,542 - INFO - Sending Proto2 - System - J718.pdf to printer...
2023-11-02 14:59:34,569 - INFO - Generating label for Serial: J537, Project: System - EVT, Phase: E7EUU-R6A2Z, Config: PY19NPWF49
2023-11-02 14:59:34,574 - INFO - Sending System - EVT - J537.pdf to printer...
2023-11-02 14:59:34,596 - INFO - Generating label for Serial: J537, Project: System - EVT, Phase: E7EUU-R6A1Z, Config: L3YWH2VH9W
2023-11-02 14:59:34,600 - INFO - Sending System - EVT - J537.pdf to printer...
2023-11-02 14:59:34,620 - INFO - All labels generated successfully.
2023-11-02 15:02:44,795 - INFO - Script started.
2023-11-02 15:02:49,087 - INFO - Browsing for TSV files...
2023-11-02 15:02:52,212 - INFO - Selected file: /Users/johnoz/Documents/JX_11_02.tsv
2023-11-02 15:02:53,938 - INFO - Reading from file: /Users/johnoz/Documents/JX_11_02.tsv
2023-11-02 15:02:53,941 - INFO - Generating label for Serial: J718, Project: Proto2 - System, Phase: P2WFG2AD-M6, Config: XTLDHHKW63
2023-11-02 15:02:53,970 - INFO - Sending Proto2 - System - J718.pdf to printer...
2023-11-02 15:02:54,011 - INFO - Generating label for Serial: J537, Project: System - EVT, Phase: E7EUU-R6A2Z, Config: PY19NPWF49
2023-11-02 15:02:54,017 - INFO - Sending System - EVT - J537.pdf to printer...
2023-11-02 15:02:54,039 - INFO - Generating label for Serial: J537, Project: System - EVT, Phase: E7EUU-R6A1Z, Config: L3YWH2VH9W
2023-11-02 15:02:54,044 - INFO - Sending System - EVT - J537.pdf to printer...
2023-11-02 15:02:54,064 - INFO - All labels generated successfully.
2023-11-02 15:05:05,056 - INFO - Script started.
2023-11-02 15:05:11,788 - INFO - Script started.
2023-11-02 15:05:38,220 - INFO - Script started.
2023-11-02 15:05:40,817 - INFO - Browsing for TSV files...
2023-11-02 15:05:43,913 - INFO - Selected file: /Users/johnoz/Documents/JX_11_02.tsv
2023-11-02 15:05:45,014 - INFO - Reading from file: /Users/johnoz/Documents/JX_11_02.tsv
2023-11-02 15:05:45,019 - INFO - Generating label for Serial: J718, Project: Proto2 - System, Phase: P2WFG2AD-M6, Config: XTLDHHKW63
2023-11-02 15:05:45,046 - INFO - Sending Proto2 - System - J718.pdf to printer...
2023-11-02 15:05:45,078 - INFO - Generating label for Serial: J537, Project: System - EVT, Phase: E7EUU-R6A2Z, Config: PY19NPWF49
2023-11-02 15:05:45,084 - INFO - Sending System - EVT - J537.pdf to printer...
2023-11-02 15:05:45,107 - INFO - Generating label for Serial: J537, Project: System - EVT, Phase: E7EUU-R6A1Z, Config: L3YWH2VH9W
2023-11-02 15:05:45,112 - INFO - Sending System - EVT - J537.pdf to printer...
2023-11-02 15:05:45,132 - INFO - All labels generated successfully.
2023-11-02 15:06:28,906 - INFO - Browsing for TSV files...
2023-11-02 15:06:31,663 - INFO - Selected file: /Users/johnoz/Documents/JX_11_02.tsv
2023-11-02 15:06:32,649 - INFO - Reading from file: /Users/johnoz/Documents/JX_11_02.tsv
2023-11-02 15:06:32,649 - INFO - Generating label for Serial: J718, Project: Proto2 - System, Phase: P2WFG2AD-M6, Config: XTLDHHKW63
2023-11-02 15:06:32,658 - INFO - Sending Proto2 - System - J718.pdf to printer...
2023-11-02 15:06:32,699 - INFO - Generating label for Serial: J537, Project: System - EVT, Phase: E7EUU-R6A2Z, Config: PY19NPWF49
2023-11-02 15:06:32,706 - INFO - Sending System - EVT - J537.pdf to printer...
2023-11-02 15:06:32,727 - INFO - Generating label for Serial: J537, Project: System - EVT, Phase: E7EUU-R6A1Z, Config: L3YWH2VH9W
2023-11-02 15:06:32,732 - INFO - Sending System - EVT - J537.pdf to printer...
2023-11-02 15:06:32,753 - INFO - All labels generated successfully.
2023-11-02 15:08:12,644 - INFO - Script finished.
2023-11-02 15:12:40,759 - INFO - Script started.
2023-11-02 15:12:42,811 - INFO - Browsing for TSV files...
2023-11-02 15:12:47,140 - INFO - Selected file: /Users/johnoz/Documents/JX_11_02.tsv
2023-11-02 15:12:48,453 - INFO - Reading from file: /Users/johnoz/Documents/JX_11_02.tsv
2023-11-02 15:12:48,454 - INFO - Generating label for Serial: J718, Project: Proto2 - System, Phase: P2WFG2AD-M6, Config: XTLDHHKW63
2023-11-02 15:12:48,476 - INFO - Sending Proto2 - System - J718.pdf to printer...
2023-11-02 15:12:48,512 - INFO - Generating label for Serial: J537, Project: System - EVT, Phase: E7EUU-R6A2Z, Config: PY19NPWF49
2023-11-02 15:12:48,521 - INFO - Sending System - EVT - J537.pdf to printer...
2023-11-02 15:12:48,542 - INFO - Generating label for Serial: J537, Project: System - EVT, Phase: E7EUU-R6A1Z, Config: L3YWH2VH9W
2023-11-02 15:12:48,546 - INFO - Sending System - EVT - J537.pdf to printer...
2023-11-02 15:12:48,569 - INFO - All labels generated successfully.
2023-11-02 15:15:16,675 - INFO - Browsing for TSV files...
2023-11-02 15:15:19,649 - INFO - Selected file: /Users/johnoz/Documents/JX_11_02.tsv
2023-11-02 15:15:20,811 - INFO - Reading from file: /Users/johnoz/Documents/JX_11_02.tsv
2023-11-02 15:15:20,811 - INFO - Generating label for Serial: J718, Project: Proto2 - System, Phase: P2WFG2AD-M6, Config: XTLDHHKW63
2023-11-02 15:15:20,817 - INFO - Sending Proto2 - System - J718.pdf to printer...
2023-11-02 15:15:20,850 - INFO - Generating label for Serial: J537, Project: System - EVT, Phase: E7EUU-R6A2Z, Config: PY19NPWF49
2023-11-02 15:15:20,856 - INFO - Sending System - EVT - J537.pdf to printer...
2023-11-02 15:15:20,880 - INFO - Generating label for Serial: J537, Project: System - EVT, Phase: E7EUU-R6A1Z, Config: L3YWH2VH9W
2023-11-02 15:15:20,886 - INFO - Sending System - EVT - J537.pdf to printer...
2023-11-02 15:15:20,911 - INFO - All labels generated successfully.
2023-11-02 15:16:13,539 - INFO - Script started.
2023-11-02 15:16:17,025 - INFO - Browsing for TSV files...
2023-11-02 15:16:20,332 - INFO - Selected file: /Users/johnoz/Documents/JX_11_02.tsv
2023-11-02 15:16:21,174 - INFO - Reading from file: /Users/johnoz/Documents/JX_11_02.tsv
2023-11-02 15:16:21,175 - INFO - Generating label for Serial: J718, Project: Proto2 - System, Phase: P2WFG2AD-M6, Config: XTLDHHKW63
2023-11-02 15:16:21,199 - INFO - Sending Proto2 - System - J718.pdf to printer...
2023-11-02 15:16:21,253 - INFO - Generating label for Serial: J537, Project: System - EVT, Phase: E7EUU-R6A2Z, Config: PY19NPWF49
2023-11-02 15:16:21,259 - INFO - Sending System - EVT - J537.pdf to printer...
2023-11-02 15:16:21,279 - INFO - Generating label for Serial: J537, Project: System - EVT, Phase: E7EUU-R6A1Z, Config: L3YWH2VH9W
2023-11-02 15:16:21,284 - INFO - Sending System - EVT - J537.pdf to printer...
2023-11-02 15:16:21,301 - INFO - All labels generated successfully.
2023-11-02 15:17:19,921 - INFO - Script started.
2023-11-02 15:17:19,922 - INFO - Generating label for Serial: J718, Project: Proto2 - System, Phase: P2WFG2AD-M6, Config: XTLDHHKW63
2023-11-02 15:17:19,928 - INFO - Sending Proto2 - System - J718.pdf to printer...
2023-11-02 15:17:19,954 - INFO - Generating label for Serial: J537, Project: System - EVT, Phase: E7EUU-R6A2Z, Config: PY19NPWF49
2023-11-02 15:17:19,959 - INFO - Sending System - EVT - J537.pdf to printer...
2023-11-02 15:17:19,980 - INFO - Generating label for Serial: J537, Project: System - EVT, Phase: E7EUU-R6A1Z, Config: L3YWH2VH9W
2023-11-02 15:17:19,985 - INFO - Sending System - EVT - J537.pdf to printer...
2023-11-02 15:17:20,006 - INFO - Script finished.
2023-11-02 15:19:29,616 - INFO - Script started.
2023-11-02 15:19:32,014 - INFO - Browsing for TSV files...
2023-11-02 15:19:34,883 - INFO - Selected file: /Users/johnoz/Documents/JX_11_02.tsv
2023-11-02 15:19:36,171 - INFO - Reading from file: /Users/johnoz/Documents/JX_11_02.tsv
2023-11-02 15:19:36,171 - INFO - Generating label for Serial: J718, Project: Proto2 - System, Phase: P2WFG2AD-M6, Config: XTLDHHKW63
2023-11-02 15:19:36,190 - INFO - Sending Proto2 - System - J718.pdf to printer...
2023-11-02 15:19:36,233 - INFO - Generating label for Serial: J537, Project: System - EVT, Phase: E7EUU-R6A2Z, Config: PY19NPWF49
2023-11-02 15:19:36,240 - INFO - Sending System - EVT - J537.pdf to printer...
2023-11-02 15:19:36,262 - INFO - Generating label for Serial: J537, Project: System - EVT, Phase: E7EUU-R6A1Z, Config: L3YWH2VH9W
2023-11-02 15:19:36,267 - INFO - Sending System - EVT - J537.pdf to printer...
2023-11-02 15:19:36,287 - INFO - All labels generated successfully.
2023-11-02 15:22:35,672 - INFO - Script started.
2023-11-02 15:22:36,823 - INFO - Browsing for TSV files...
2023-11-02 15:22:39,767 - INFO - Selected file: /Users/johnoz/Documents/JX_11_02.tsv
2023-11-02 15:22:41,115 - INFO - Reading from file: /Users/johnoz/Documents/JX_11_02.tsv
2023-11-02 15:22:41,115 - INFO - Generating label for Serial: J718, Project: Proto2 - System, Phase: P2WFG2AD-M6, Config: XTLDHHKW63
2023-11-02 15:22:41,130 - INFO - Sending Proto2 - System - J718.pdf to printer...
2023-11-02 15:22:41,164 - INFO - Generating label for Serial: J537, Project: System - EVT, Phase: E7EUU-R6A2Z, Config: PY19NPWF49
2023-11-02 15:22:41,170 - INFO - Sending System - EVT - J537.pdf to printer...
2023-11-02 15:22:41,191 - INFO - Generating label for Serial: J537, Project: System - EVT, Phase: E7EUU-R6A1Z, Config: L3YWH2VH9W
2023-11-02 15:22:41,196 - INFO - Sending System - EVT - J537.pdf to printer...
2023-11-02 15:22:41,214 - INFO - All labels generated successfully.
2023-11-02 15:22:53,370 - INFO - Script finished.
2023-11-02 18:27:41,682 - INFO - Script started.
2023-11-02 18:27:41,683 - INFO - Generating label for Serial: J718, Project: Proto2 - System, Phase: P2WFG2AD-M6, Config: XTLDHHKW63
2023-11-02 18:27:41,686 - ERROR - An error occurred: 'NoneType' object has no attribute 'save'
2023-11-02 18:27:41,686 - INFO - Script finished.
2023-11-02 18:35:35,385 - INFO - Script started.
2023-11-02 18:35:35,386 - INFO - Generating label for Serial: J718, Project: Proto2 - System, Phase: P2WFG2AD-M6, Config: XTLDHHKW63
2023-11-02 18:35:35,388 - ERROR - An error occurred: 'NoneType' object has no attribute 'save'
2023-11-02 18:35:35,388 - INFO - Script finished.
2023-11-02 18:37:59,620 - INFO - Script started.
2023-11-02 18:37:59,621 - INFO - Generating label for Serial: J718, Project: Proto2 - System, Phase: P2WFG2AD-M6, Config: XTLDHHKW63
2023-11-02 18:37:59,627 - INFO - Sending Proto2 - System - J718.pdf to printer...
2023-11-02 18:37:59,703 - INFO - Generating label for Serial: J537, Project: System - EVT, Phase: E7EUU-R6A2Z, Config: PY19NPWF49
2023-11-02 18:37:59,708 - INFO - Sending System - EVT - J537.pdf to printer...
2023-11-02 18:37:59,728 - INFO - Generating label for Serial: J537, Project: System - EVT, Phase: E7EUU-R6A1Z, Config: L3YWH2VH9W
2023-11-02 18:37:59,733 - INFO - Sending System - EVT - J537.pdf to printer...
2023-11-02 18:37:59,755 - INFO - All labels generated successfully.
2023-11-02 18:37:59,755 - INFO - Script finished.
